Running MAGIC on 8386 cells and 3207 genes.
############## anchor word with true S0 #################
[inference.findS] Start finding the set of anchor bases S...
+ Finish finding set S!
  - Discovered 6 basis vectors by [sparsePartial] method.
  - Elapsed time = 2.3314 seconds

[inference.recoverB] Start recovering the object-cluster B...
  - 0-th member...
  - 500-th member...
  - 1000-th member...
  - 1500-th member...
  - 2000-th member...
  - 2500-th member...
  - 3000-th member...
  - 3500-th member...
  - 4000-th member...
  - 4500-th member...
  - 5000-th member...
  - 5500-th member...
  - 6000-th member...
  - 6500-th member...
  - 7000-th member...
  - 7500-th member...
  - 8000-th member...
+ Finish recovering B matrix using [activeSet]
  - 6/8386 objects are converged.
  - loss = 7.6714 (By Frobenius norm).
  - Elapsed time = 14.4491 seconds.

Epoch 10 reached after 0.253 seconds, error: 1239.197759
Epoch 20 reached after 0.483 seconds, error: 1237.092074
Epoch 30 reached after 0.716 seconds, error: 1236.831901
Epoch 40 reached after 0.956 seconds, error: 1236.768725
1236.7687250103338
############### loss at convergence ##################
Epoch 10 reached after 0.478 seconds, error: 1221.155573
Epoch 20 reached after 0.930 seconds, error: 1216.669244
Epoch 30 reached after 1.389 seconds, error: 1215.779889
Epoch 40 reached after 1.842 seconds, error: 1215.478805
Epoch 50 reached after 2.291 seconds, error: 1215.379170
Epoch 60 reached after 2.745 seconds, error: 1215.334221
Epoch 70 reached after 3.198 seconds, error: 1215.307157
Epoch 80 reached after 3.650 seconds, error: 1215.292809
Epoch 90 reached after 4.103 seconds, error: 1215.284548
Epoch 100 reached after 4.555 seconds, error: 1215.279437
1215.2794366117137
############### nndsvd ##################
Epoch 01 reached after 0.071 seconds.
Epoch 10 reached after 0.258 seconds, error: 1249.069917
Epoch 20 reached after 0.500 seconds, error: 1248.535658
Epoch 30 reached after 0.738 seconds, error: 1248.471543
1248.4715433702966
############### random ##################
Epoch 01 reached after 0.068 seconds.
Epoch 10 reached after 0.260 seconds, error: 1294.694145
Epoch 20 reached after 0.495 seconds, error: 1293.844888
Epoch 30 reached after 0.737 seconds, error: 1293.634252
Epoch 40 reached after 0.969 seconds, error: 1293.556317
1293.5563171785607
############### magic ####################
Calculating graph and diffusion operator...
  Calculating PCA...
  Calculated PCA in 0.33 seconds.
  Calculating KNN search...
  Calculated KNN search in 10.26 seconds.
  Calculating affinities...
  Calculated affinities in 10.31 seconds.
Calculated graph and diffusion operator in 20.92 seconds.
Calculating imputation...
Calculated imputation in 1.75 seconds.
[inference.findS] Start finding the set of anchor bases S...
+ Finish finding set S!
  - Discovered 6 basis vectors by [sparsePartial] method.
  - Elapsed time = 2.4366 seconds

 ############ find F using naive Pi ################
[inference.recoverB] Start recovering the object-cluster B...
  - 0-th member...
  - 500-th member...
  - 1000-th member...
  - 1500-th member...
  - 2000-th member...
  - 2500-th member...
  - 3000-th member...
  - 3500-th member...
  - 4000-th member...
  - 4500-th member...
  - 5000-th member...
  - 5500-th member...
  - 6000-th member...
  - 6500-th member...
  - 7000-th member...
  - 7500-th member...
  - 8000-th member...
+ Finish recovering B matrix using [activeSet]
  - 6/8386 objects are converged.
  - loss = 7.7546 (By Frobenius norm).
  - Elapsed time = 14.7976 seconds.

Epoch 10 reached after 0.263 seconds, error: 1255.233895
Epoch 20 reached after 0.499 seconds, error: 1252.650399
Epoch 30 reached after 0.737 seconds, error: 1252.249185
Epoch 40 reached after 0.970 seconds, error: 1252.138563
1252.1385628405667
############# find F using denoised Pi #################
[inference.recoverB] Start recovering the object-cluster B...
  - 0-th member...
  - 500-th member...
  - 1000-th member...
  - 1500-th member...
  - 2000-th member...
  - 2500-th member...
  - 3000-th member...
  - 3500-th member...
  - 4000-th member...
  - 4500-th member...
  - 5000-th member...
  - 5500-th member...
  - 6000-th member...
  - 6500-th member...
  - 7000-th member...
  - 7500-th member...
  - 8000-th member...
+ Finish recovering B matrix using [activeSet]
  - 6/8386 objects are converged.
  - loss = 3.9958 (By Frobenius norm).
  - Elapsed time = 15.3274 seconds.

Epoch 10 reached after 0.256 seconds, error: 1281.712824
Epoch 20 reached after 0.488 seconds, error: 1280.012425
Epoch 30 reached after 0.731 seconds, error: 1279.760475
Epoch 40 reached after 0.966 seconds, error: 1279.696003
1279.6960028455205
############### vanila anchor word ####################
[file.bows2C] Start constructing dense C...
- Counting the co-occurrence for each document...
+ Finish constructing C and D!
  - The sum of all entries = 1.000000
  - Elapsed Time = 2.7270 seconds
############# no rectification ################
+ Start rectifying C...
  - Finish rectifying C! [0.000000]
+ Start finding the set of anchor bases S...
[inference.findS] Start finding the set of anchor bases S...
+ Finish finding set S!
  - Discovered 6 basis vectors by [sparsePartial] method.
  - Elapsed time = 2.3858 seconds

  - Finish finding S! [2.385831]
+ Start recovering the object-cluster B...
[inference.recoverB] Start recovering the object-cluster B...
  - 0-th member...
  - 500-th member...
  - 1000-th member...
  - 1500-th member...
  - 2000-th member...
  - 2500-th member...
  - 3000-th member...
  - 3500-th member...
  - 4000-th member...
  - 4500-th member...
  - 5000-th member...
  - 5500-th member...
  - 6000-th member...
  - 6500-th member...
  - 7000-th member...
  - 7500-th member...
  - 8000-th member...
+ Finish recovering B matrix using [activeSet]
  - 6/8386 objects are converged.
  - loss = 11.2807 (By Frobenius norm).
  - Elapsed time = 18.1186 seconds.

  - Finish recovering B! [18.118576]
+ Start recovering the cluster-cluster A...
[inference.recoverA] Start recovering the cluster-cluster A...
+ Finish recovering A!
  - [diagonal] recovery is used.
  - Elapsed time = 0.0002 seconds.

  - Finish recovering A! [0.000191]
- Finish factorizing C! [21.423828]
Epoch 10 reached after 0.251 seconds, error: 1301.248668
Epoch 20 reached after 0.483 seconds, error: 1301.000797
Epoch 30 reached after 0.716 seconds, error: 1300.763595
Epoch 40 reached after 0.953 seconds, error: 1300.542794
Epoch 50 reached after 1.188 seconds, error: 1300.341466
1300.3414658463025
############# w/ rectification ################
+ Start rectifying C...
+ Start alternating projection
+ Finish alternating projection
  - Elapsed seconds = 63.4789

  - Finish rectifying C! [63.478859]
+ Start finding the set of anchor bases S...
[inference.findS] Start finding the set of anchor bases S...
+ Finish finding set S!
  - Discovered 6 basis vectors by [sparsePartial] method.
  - Elapsed time = 2.2025 seconds

  - Finish finding S! [2.202451]
+ Start recovering the object-cluster B...
[inference.recoverB] Start recovering the object-cluster B...
  - 0-th member...
  - 500-th member...
  - 1000-th member...
  - 1500-th member...
  - 2000-th member...
  - 2500-th member...
  - 3000-th member...
  - 3500-th member...
  - 4000-th member...
  - 4500-th member...
  - 5000-th member...
  - 5500-th member...
  - 6000-th member...
  - 6500-th member...
  - 7000-th member...
  - 7500-th member...
  - 8000-th member...
+ Finish recovering B matrix using [activeSet]
  - 6/8386 objects are converged.
  - loss = 5.2122 (By Frobenius norm).
  - Elapsed time = 13.7013 seconds.

  - Finish recovering B! [13.701271]
+ Start recovering the cluster-cluster A...
[inference.recoverA] Start recovering the cluster-cluster A...
+ Finish recovering A!
  - [diagonal] recovery is used.
  - Elapsed time = 0.0003 seconds.

  - Finish recovering A! [0.000274]
- Finish factorizing C! [80.277690]
Epoch 10 reached after 0.249 seconds, error: 1238.039648
Epoch 20 reached after 0.493 seconds, error: 1235.959246
Epoch 30 reached after 0.722 seconds, error: 1235.716810
Epoch 40 reached after 0.957 seconds, error: 1235.660049
1235.6600486899815
