Running MAGIC on 8766 cells and 3207 genes.
############## anchor word with true S0 #################
[inference.findS] Start finding the set of anchor bases S...
+ Finish finding set S!
  - Discovered 6 basis vectors by [sparsePartial] method.
  - Elapsed time = 3.8690 seconds

[inference.recoverB] Start recovering the object-cluster B...
  - 0-th member...
  - 500-th member...
  - 1000-th member...
  - 1500-th member...
  - 2000-th member...
  - 2500-th member...
  - 3000-th member...
  - 3500-th member...
  - 4000-th member...
  - 4500-th member...
  - 5000-th member...
  - 5500-th member...
  - 6000-th member...
  - 6500-th member...
  - 7000-th member...
  - 7500-th member...
  - 8000-th member...
  - 8500-th member...
+ Finish recovering B matrix using [activeSet]
  - 6/8766 objects are converged.
  - loss = 5.6364 (By Frobenius norm).
  - Elapsed time = 15.8065 seconds.

Epoch 10 reached after 0.763 seconds, error: 1747.689074
Epoch 20 reached after 1.426 seconds, error: 1745.951201
Epoch 30 reached after 2.080 seconds, error: 1745.768720
1745.768719954745
############### loss at convergence ##################
Epoch 10 reached after 1.387 seconds, error: 1745.990827
Epoch 20 reached after 2.664 seconds, error: 1739.316277
Epoch 30 reached after 3.935 seconds, error: 1737.845184
Epoch 40 reached after 5.348 seconds, error: 1737.288659
Epoch 50 reached after 6.810 seconds, error: 1737.136822
Epoch 60 reached after 8.238 seconds, error: 1737.088384
Epoch 70 reached after 9.681 seconds, error: 1737.070098
Epoch 80 reached after 11.103 seconds, error: 1737.061459
Epoch 90 reached after 12.678 seconds, error: 1737.055069
Epoch 100 reached after 14.216 seconds, error: 1737.050759
1737.0507589961198
############### nndsvd ##################
Epoch 01 reached after 0.207 seconds.
Epoch 10 reached after 0.789 seconds, error: 1796.581812
Epoch 20 reached after 1.482 seconds, error: 1795.505750
Epoch 30 reached after 2.270 seconds, error: 1795.399576
1795.3995757752384
############### random ##################
Epoch 01 reached after 0.227 seconds.
Epoch 10 reached after 0.792 seconds, error: 1896.372791
Epoch 20 reached after 1.700 seconds, error: 1895.735311
Epoch 30 reached after 2.519 seconds, error: 1895.581696
1895.5816955540104
############### magic ####################
Calculating graph and diffusion operator...
  Calculating PCA...
  Calculated PCA in 0.77 seconds.
  Calculating KNN search...
  Calculated KNN search in 12.80 seconds.
  Calculating affinities...
  Calculated affinities in 11.41 seconds.
Calculated graph and diffusion operator in 25.00 seconds.
Calculating imputation...
Calculated imputation in 1.97 seconds.
[inference.findS] Start finding the set of anchor bases S...
+ Finish finding set S!
  - Discovered 6 basis vectors by [sparsePartial] method.
  - Elapsed time = 2.4996 seconds

 ############ find F using naive Pi ################
[inference.recoverB] Start recovering the object-cluster B...
  - 0-th member...
  - 500-th member...
  - 1000-th member...
  - 1500-th member...
  - 2000-th member...
  - 2500-th member...
  - 3000-th member...
  - 3500-th member...
  - 4000-th member...
  - 4500-th member...
  - 5000-th member...
  - 5500-th member...
  - 6000-th member...
  - 6500-th member...
  - 7000-th member...
  - 7500-th member...
  - 8000-th member...
  - 8500-th member...
+ Finish recovering B matrix using [activeSet]
  - 6/8766 objects are converged.
  - loss = 5.6446 (By Frobenius norm).
  - Elapsed time = 13.7261 seconds.

Epoch 10 reached after 0.774 seconds, error: 1750.287071
Epoch 20 reached after 1.431 seconds, error: 1748.406179
Epoch 30 reached after 2.098 seconds, error: 1748.212860
1748.2128599551413
############# find F using denoised Pi #################
[inference.recoverB] Start recovering the object-cluster B...
  - 0-th member...
  - 500-th member...
  - 1000-th member...
  - 1500-th member...
  - 2000-th member...
  - 2500-th member...
  - 3000-th member...
  - 3500-th member...
  - 4000-th member...
  - 4500-th member...
  - 5000-th member...
  - 5500-th member...
  - 6000-th member...
  - 6500-th member...
  - 7000-th member...
  - 7500-th member...
  - 8000-th member...
  - 8500-th member...
+ Finish recovering B matrix using [activeSet]
  - 6/8766 objects are converged.
  - loss = 4.0572 (By Frobenius norm).
  - Elapsed time = 16.6249 seconds.

Epoch 10 reached after 0.719 seconds, error: 1808.689178
Epoch 20 reached after 1.361 seconds, error: 1806.652465
Epoch 30 reached after 1.996 seconds, error: 1806.419734
1806.419733947066
############### vanila anchor word ####################
[file.bows2C] Start constructing dense C...
- Counting the co-occurrence for each document...
+ Finish constructing C and D!
  - The sum of all entries = 1.000000
  - Elapsed Time = 11.4405 seconds
############# no rectification ################
+ Start rectifying C...
  - Finish rectifying C! [0.000000]
+ Start finding the set of anchor bases S...
[inference.findS] Start finding the set of anchor bases S...
+ Finish finding set S!
  - Discovered 6 basis vectors by [sparsePartial] method.
  - Elapsed time = 3.1032 seconds

  - Finish finding S! [3.103198]
+ Start recovering the object-cluster B...
[inference.recoverB] Start recovering the object-cluster B...
  - 0-th member...
  - 500-th member...
  - 1000-th member...
  - 1500-th member...
  - 2000-th member...
  - 2500-th member...
  - 3000-th member...
  - 3500-th member...
  - 4000-th member...
  - 4500-th member...
  - 5000-th member...
  - 5500-th member...
  - 6000-th member...
  - 6500-th member...
  - 7000-th member...
  - 7500-th member...
  - 8000-th member...
  - 8500-th member...
+ Finish recovering B matrix using [activeSet]
  - 6/8766 objects are converged.
  - loss = 7.1724 (By Frobenius norm).
  - Elapsed time = 17.0935 seconds.

  - Finish recovering B! [17.093497]
+ Start recovering the cluster-cluster A...
[inference.recoverA] Start recovering the cluster-cluster A...
+ Finish recovering A!
  - [diagonal] recovery is used.
  - Elapsed time = 0.0026 seconds.

  - Finish recovering A! [0.002580]
- Finish factorizing C! [21.260409]
Epoch 10 reached after 0.719 seconds, error: 1898.875733
Epoch 20 reached after 1.378 seconds, error: 1896.355685
Epoch 30 reached after 2.022 seconds, error: 1894.322936
Epoch 40 reached after 2.672 seconds, error: 1892.779647
Epoch 50 reached after 3.321 seconds, error: 1891.631191
Epoch 60 reached after 3.970 seconds, error: 1890.776820
Epoch 70 reached after 4.628 seconds, error: 1890.135962
Epoch 80 reached after 5.312 seconds, error: 1889.649574
Epoch 90 reached after 5.959 seconds, error: 1889.275597
Epoch 100 reached after 6.609 seconds, error: 1888.984250
1888.9842495113949
############# w/ rectification ################
+ Start rectifying C...
+ Start alternating projection
+ Finish alternating projection
  - Elapsed seconds = 73.8562

  - Finish rectifying C! [73.856226]
+ Start finding the set of anchor bases S...
[inference.findS] Start finding the set of anchor bases S...
+ Finish finding set S!
  - Discovered 6 basis vectors by [sparsePartial] method.
  - Elapsed time = 2.3736 seconds

  - Finish finding S! [2.373632]
+ Start recovering the object-cluster B...
[inference.recoverB] Start recovering the object-cluster B...
  - 0-th member...
  - 500-th member...
  - 1000-th member...
  - 1500-th member...
  - 2000-th member...
  - 2500-th member...
  - 3000-th member...
  - 3500-th member...
  - 4000-th member...
  - 4500-th member...
  - 5000-th member...
  - 5500-th member...
  - 6000-th member...
  - 6500-th member...
  - 7000-th member...
  - 7500-th member...
  - 8000-th member...
  - 8500-th member...
+ Finish recovering B matrix using [activeSet]
  - 6/8766 objects are converged.
  - loss = 5.2319 (By Frobenius norm).
  - Elapsed time = 15.1569 seconds.

  - Finish recovering B! [15.156886]
+ Start recovering the cluster-cluster A...
[inference.recoverA] Start recovering the cluster-cluster A...
+ Finish recovering A!
  - [diagonal] recovery is used.
  - Elapsed time = 0.0003 seconds.

  - Finish recovering A! [0.000280]
- Finish factorizing C! [92.346435]
Epoch 10 reached after 0.734 seconds, error: 1776.289510
Epoch 20 reached after 1.390 seconds, error: 1771.445442
Epoch 30 reached after 2.090 seconds, error: 1770.949041
Epoch 40 reached after 2.767 seconds, error: 1770.849586
1770.8495860183664
