Running MAGIC on 7487 cells and 3207 genes.
############## anchor word with true S0 #################
[inference.findS] Start finding the set of anchor bases S...
+ Finish finding set S!
  - Discovered 6 basis vectors by [sparsePartial] method.
  - Elapsed time = 1.8390 seconds

[inference.recoverB] Start recovering the object-cluster B...
  - 0-th member...
  - 500-th member...
  - 1000-th member...
  - 1500-th member...
  - 2000-th member...
  - 2500-th member...
  - 3000-th member...
  - 3500-th member...
  - 4000-th member...
  - 4500-th member...
  - 5000-th member...
  - 5500-th member...
  - 6000-th member...
  - 6500-th member...
  - 7000-th member...
+ Finish recovering B matrix using [activeSet]
  - 6/7487 objects are converged.
  - loss = 10.1753 (By Frobenius norm).
  - Elapsed time = 13.8731 seconds.

Epoch 10 reached after 0.124 seconds, error: 978.105946
Epoch 20 reached after 0.232 seconds, error: 975.423285
Epoch 30 reached after 0.347 seconds, error: 974.912982
Epoch 40 reached after 0.466 seconds, error: 974.761529
Epoch 50 reached after 0.577 seconds, error: 974.702558
974.7025577124763
############### loss at convergence ##################
Epoch 10 reached after 0.235 seconds, error: 958.772990
Epoch 20 reached after 0.450 seconds, error: 952.554146
Epoch 30 reached after 0.670 seconds, error: 950.319551
Epoch 40 reached after 0.892 seconds, error: 949.636069
Epoch 50 reached after 1.113 seconds, error: 949.350955
Epoch 60 reached after 1.335 seconds, error: 949.208431
Epoch 70 reached after 1.553 seconds, error: 949.125111
Epoch 80 reached after 1.770 seconds, error: 949.067324
Epoch 90 reached after 1.989 seconds, error: 949.027300
Epoch 100 reached after 2.209 seconds, error: 948.987652
948.9876524420251
############### nndsvd ##################
Epoch 01 reached after 0.031 seconds.
Epoch 10 reached after 0.123 seconds, error: 978.639116
Epoch 20 reached after 0.243 seconds, error: 978.436047
Epoch 30 reached after 0.361 seconds, error: 978.411532
978.4115322827939
############### random ##################
Epoch 01 reached after 0.035 seconds.
Epoch 10 reached after 0.126 seconds, error: 996.772503
Epoch 20 reached after 0.244 seconds, error: 995.962626
Epoch 30 reached after 0.359 seconds, error: 995.775717
Epoch 40 reached after 0.472 seconds, error: 995.709962
995.7099615680584
############### magic ####################
Calculating graph and diffusion operator...
  Calculating PCA...
  Calculated PCA in 0.25 seconds.
  Calculating KNN search...
  Calculated KNN search in 7.64 seconds.
  Calculating affinities...
  Calculated affinities in 7.67 seconds.
Calculated graph and diffusion operator in 15.57 seconds.
Calculating imputation...
Calculated imputation in 1.57 seconds.
[inference.findS] Start finding the set of anchor bases S...
+ Finish finding set S!
  - Discovered 6 basis vectors by [sparsePartial] method.
  - Elapsed time = 1.8128 seconds

 ############ find F using naive Pi ################
[inference.recoverB] Start recovering the object-cluster B...
  - 0-th member...
  - 500-th member...
  - 1000-th member...
  - 1500-th member...
  - 2000-th member...
  - 2500-th member...
  - 3000-th member...
  - 3500-th member...
  - 4000-th member...
  - 4500-th member...
  - 5000-th member...
  - 5500-th member...
  - 6000-th member...
  - 6500-th member...
  - 7000-th member...
+ Finish recovering B matrix using [activeSet]
  - 6/7487 objects are converged.
  - loss = 10.4329 (By Frobenius norm).
  - Elapsed time = 15.1296 seconds.

Epoch 10 reached after 0.134 seconds, error: 999.279616
Epoch 20 reached after 0.246 seconds, error: 996.904407
Epoch 30 reached after 0.360 seconds, error: 995.869608
Epoch 40 reached after 0.474 seconds, error: 995.357784
Epoch 50 reached after 0.585 seconds, error: 995.077647
Epoch 60 reached after 0.704 seconds, error: 994.911755
Epoch 70 reached after 0.823 seconds, error: 994.807247
994.8072474075535
############# find F using denoised Pi #################
[inference.recoverB] Start recovering the object-cluster B...
  - 0-th member...
  - 500-th member...
  - 1000-th member...
  - 1500-th member...
  - 2000-th member...
  - 2500-th member...
  - 3000-th member...
  - 3500-th member...
  - 4000-th member...
  - 4500-th member...
  - 5000-th member...
  - 5500-th member...
  - 6000-th member...
  - 6500-th member...
  - 7000-th member...
+ Finish recovering B matrix using [activeSet]
  - 6/7487 objects are converged.
  - loss = 3.3923 (By Frobenius norm).
  - Elapsed time = 15.6282 seconds.

Epoch 10 reached after 0.122 seconds, error: 1028.603397
Epoch 20 reached after 0.238 seconds, error: 1027.400856
Epoch 30 reached after 0.348 seconds, error: 1026.847751
Epoch 40 reached after 0.459 seconds, error: 1026.520005
Epoch 50 reached after 0.572 seconds, error: 1026.301536
Epoch 60 reached after 0.695 seconds, error: 1026.145451
Epoch 70 reached after 0.810 seconds, error: 1026.028746
1026.0287459782396
############### vanila anchor word ####################
[file.bows2C] Start constructing dense C...
- Counting the co-occurrence for each document...
+ Finish constructing C and D!
  - The sum of all entries = 1.000000
  - Elapsed Time = 1.2088 seconds
############# no rectification ################
+ Start rectifying C...
  - Finish rectifying C! [0.000000]
+ Start finding the set of anchor bases S...
[inference.findS] Start finding the set of anchor bases S...
+ Finish finding set S!
  - Discovered 6 basis vectors by [sparsePartial] method.
  - Elapsed time = 2.1949 seconds

  - Finish finding S! [2.194913]
+ Start recovering the object-cluster B...
[inference.recoverB] Start recovering the object-cluster B...
  - 0-th member...
  - 500-th member...
  - 1000-th member...
  - 1500-th member...
  - 2000-th member...
  - 2500-th member...
  - 3000-th member...
  - 3500-th member...
  - 4000-th member...
  - 4500-th member...
  - 5000-th member...
  - 5500-th member...
  - 6000-th member...
  - 6500-th member...
  - 7000-th member...
+ Finish recovering B matrix using [activeSet]
  - 6/7487 objects are converged.
  - loss = 15.6262 (By Frobenius norm).
  - Elapsed time = 15.5167 seconds.

  - Finish recovering B! [15.516666]
+ Start recovering the cluster-cluster A...
[inference.recoverA] Start recovering the cluster-cluster A...
+ Finish recovering A!
  - [diagonal] recovery is used.
  - Elapsed time = 0.0002 seconds.

  - Finish recovering A! [0.000181]
- Finish factorizing C! [18.369422]
Epoch 10 reached after 0.124 seconds, error: 1004.672521
Epoch 20 reached after 0.248 seconds, error: 1004.520855
Epoch 30 reached after 0.365 seconds, error: 1004.382696
1004.3826956938069
############# w/ rectification ################
+ Start rectifying C...
+ Start alternating projection
+ Finish alternating projection
  - Elapsed seconds = 50.1693

  - Finish rectifying C! [50.169267]
+ Start finding the set of anchor bases S...
[inference.findS] Start finding the set of anchor bases S...
+ Finish finding set S!
  - Discovered 6 basis vectors by [sparsePartial] method.
  - Elapsed time = 1.7112 seconds

  - Finish finding S! [1.711245]
+ Start recovering the object-cluster B...
[inference.recoverB] Start recovering the object-cluster B...
  - 0-th member...
  - 500-th member...
  - 1000-th member...
  - 1500-th member...
  - 2000-th member...
  - 2500-th member...
  - 3000-th member...
  - 3500-th member...
  - 4000-th member...
  - 4500-th member...
  - 5000-th member...
  - 5500-th member...
  - 6000-th member...
  - 6500-th member...
  - 7000-th member...
+ Finish recovering B matrix using [activeSet]
  - 6/7487 objects are converged.
  - loss = 4.9932 (By Frobenius norm).
  - Elapsed time = 11.9311 seconds.

  - Finish recovering B! [11.931089]
+ Start recovering the cluster-cluster A...
[inference.recoverA] Start recovering the cluster-cluster A...
+ Finish recovering A!
  - [diagonal] recovery is used.
  - Elapsed time = 0.0002 seconds.

  - Finish recovering A! [0.000173]
- Finish factorizing C! [64.532114]
Epoch 10 reached after 0.126 seconds, error: 967.997029
Epoch 20 reached after 0.235 seconds, error: 967.012116
Epoch 30 reached after 0.352 seconds, error: 966.887103
966.8871033553722
