+ Start rectifying C...
  - Finish rectifying C! [0.000000]
+ Start finding the set of anchor bases S...
[inference.findS] Start finding the set of anchor bases S...
+ Finish finding set S!
  - Discovered 20 basis vectors by [sparsePartial] method.
  - Elapsed time = 8.8844 seconds

  - Finish finding S! [8.884448]
+ Start recovering the object-cluster B...
[inference.recoverB] Start recovering the object-cluster B...
  - 0-th member...
  - 500-th member...
  - 1000-th member...
  - 1500-th member...
  - 2000-th member...
  - 2500-th member...
  - 3000-th member...
  - 3500-th member...
  - 4000-th member...
  - 4500-th member...
  - 5000-th member...
  - 5500-th member...
  - 6000-th member...
  - 6500-th member...
  - 7000-th member...
  - 7500-th member...
  - 8000-th member...
+ Finish recovering B matrix using [activeSet]
  - 20/8414 objects are converged.
  - loss = 5.3974 (By Frobenius norm).
  - Elapsed time = 88.9250 seconds.

  - Finish recovering B! [88.924955]
+ Start recovering the cluster-cluster A...
[inference.recoverA] Start recovering the cluster-cluster A...
+ Finish recovering A!
  - [diagonal] recovery is used.
  - Elapsed time = 0.0006 seconds.

  - Finish recovering A! [0.000556]
- Finish factorizing C! [98.696245]
matched topics
[ 9 18  8 16  7 19  1  0  6  5  2  4 14 12 13 17 15  3 10 11]
F[S0,] after permutation
[[0.041 0.    0.    0.    0.    0.    0.    0.    0.    0.    0.    0.
  0.    0.    0.    0.    0.    0.    0.    0.   ]
 [0.    0.01  0.    0.    0.    0.    0.    0.    0.    0.    0.    0.
  0.    0.    0.    0.    0.    0.    0.    0.   ]
 [0.    0.    0.024 0.    0.    0.    0.    0.    0.    0.    0.    0.
  0.    0.    0.    0.    0.    0.    0.    0.   ]
 [0.    0.    0.    0.013 0.    0.    0.    0.    0.    0.    0.    0.
  0.    0.    0.    0.    0.    0.    0.    0.   ]
 [0.    0.    0.    0.    0.036 0.    0.    0.    0.    0.    0.    0.
  0.    0.    0.    0.    0.    0.    0.    0.   ]
 [0.    0.    0.    0.    0.    0.004 0.    0.    0.    0.    0.    0.
  0.    0.    0.    0.    0.    0.    0.    0.   ]
 [0.    0.    0.    0.    0.    0.    0.058 0.    0.    0.    0.    0.
  0.    0.    0.    0.    0.    0.    0.    0.   ]
 [0.    0.    0.    0.    0.    0.    0.    0.053 0.    0.    0.    0.
  0.    0.    0.    0.    0.    0.    0.    0.   ]
 [0.    0.    0.    0.    0.    0.    0.    0.    0.008 0.    0.    0.
  0.    0.    0.    0.    0.    0.    0.    0.   ]
 [0.    0.    0.    0.    0.    0.    0.    0.    0.    0.025 0.    0.
  0.    0.    0.    0.    0.    0.    0.    0.   ]
 [0.    0.    0.    0.    0.    0.    0.    0.    0.    0.    0.001 0.
  0.    0.    0.    0.    0.    0.    0.    0.   ]
 [0.    0.    0.    0.    0.    0.    0.    0.    0.    0.    0.    0.036
  0.    0.    0.    0.    0.    0.    0.    0.   ]
 [0.    0.    0.    0.    0.    0.    0.    0.    0.    0.    0.    0.
  0.004 0.    0.    0.    0.    0.    0.    0.   ]
 [0.    0.    0.    0.    0.    0.    0.    0.    0.    0.    0.    0.
  0.    0.019 0.    0.    0.    0.    0.    0.   ]
 [0.    0.    0.    0.    0.    0.    0.    0.    0.    0.    0.    0.
  0.    0.    0.003 0.    0.    0.    0.    0.   ]
 [0.    0.    0.    0.    0.    0.    0.    0.    0.    0.    0.    0.
  0.    0.    0.    0.001 0.    0.    0.    0.   ]
 [0.    0.    0.    0.    0.    0.    0.    0.    0.    0.    0.    0.
  0.    0.    0.    0.    0.011 0.    0.    0.   ]
 [0.    0.    0.    0.    0.    0.    0.    0.    0.    0.    0.    0.
  0.    0.    0.    0.    0.    0.049 0.    0.   ]
 [0.    0.    0.    0.    0.    0.    0.    0.    0.    0.    0.    0.
  0.    0.    0.    0.    0.    0.    0.008 0.   ]
 [0.    0.    0.    0.    0.    0.    0.    0.    0.    0.    0.    0.
  0.    0.    0.    0.    0.    0.    0.    0.01 ]]
B0[S0,] after permutation
[[0.041 0.    0.    0.    0.    0.    0.    0.    0.    0.    0.    0.
  0.    0.    0.    0.    0.    0.    0.    0.   ]
 [0.    0.01  0.    0.    0.    0.    0.    0.    0.    0.    0.    0.
  0.    0.    0.    0.    0.    0.    0.    0.   ]
 [0.    0.    0.024 0.    0.    0.    0.    0.    0.    0.    0.    0.
  0.    0.    0.    0.    0.    0.    0.    0.   ]
 [0.    0.    0.    0.013 0.    0.    0.    0.    0.    0.    0.    0.
  0.    0.    0.    0.    0.    0.    0.    0.   ]
 [0.    0.    0.    0.    0.036 0.    0.    0.    0.    0.    0.    0.
  0.    0.    0.    0.    0.    0.    0.    0.   ]
 [0.    0.    0.    0.    0.    0.004 0.    0.    0.    0.    0.    0.
  0.    0.    0.    0.    0.    0.    0.    0.   ]
 [0.    0.    0.    0.    0.    0.    0.058 0.    0.    0.    0.    0.
  0.    0.    0.    0.    0.    0.    0.    0.   ]
 [0.    0.    0.    0.    0.    0.    0.    0.053 0.    0.    0.    0.
  0.    0.    0.    0.    0.    0.    0.    0.   ]
 [0.    0.    0.    0.    0.    0.    0.    0.    0.008 0.    0.    0.
  0.    0.    0.    0.    0.    0.    0.    0.   ]
 [0.    0.    0.    0.    0.    0.    0.    0.    0.    0.025 0.    0.
  0.    0.    0.    0.    0.    0.    0.    0.   ]
 [0.    0.    0.    0.    0.    0.    0.    0.    0.    0.    0.001 0.
  0.    0.    0.    0.    0.    0.    0.    0.   ]
 [0.    0.    0.    0.    0.    0.    0.    0.    0.    0.    0.    0.036
  0.    0.    0.    0.    0.    0.    0.    0.   ]
 [0.    0.    0.    0.    0.    0.    0.    0.    0.    0.    0.    0.
  0.004 0.    0.    0.    0.    0.    0.    0.   ]
 [0.    0.    0.    0.    0.    0.    0.    0.    0.    0.    0.    0.
  0.    0.019 0.    0.    0.    0.    0.    0.   ]
 [0.    0.    0.    0.    0.    0.    0.    0.    0.    0.    0.    0.
  0.    0.    0.003 0.    0.    0.    0.    0.   ]
 [0.    0.    0.    0.    0.    0.    0.    0.    0.    0.    0.    0.
  0.    0.    0.    0.001 0.    0.    0.    0.   ]
 [0.    0.    0.    0.    0.    0.    0.    0.    0.    0.    0.    0.
  0.    0.    0.    0.    0.011 0.    0.    0.   ]
 [0.    0.    0.    0.    0.    0.    0.    0.    0.    0.    0.    0.
  0.    0.    0.    0.    0.    0.049 0.    0.   ]
 [0.    0.    0.    0.    0.    0.    0.    0.    0.    0.    0.    0.
  0.    0.    0.    0.    0.    0.    0.008 0.   ]
 [0.    0.    0.    0.    0.    0.    0.    0.    0.    0.    0.    0.
  0.    0.    0.    0.    0.    0.    0.    0.01 ]]
Atrue after permutation
[[0.017 0.001 0.001 0.001 0.001 0.    0.002 0.001 0.001 0.001 0.003 0.001
  0.001 0.    0.002 0.003 0.001 0.002 0.001 0.001]
 [0.001 0.019 0.001 0.001 0.001 0.    0.001 0.001 0.001 0.001 0.002 0.
  0.001 0.    0.002 0.002 0.001 0.001 0.001 0.002]
 [0.001 0.001 0.023 0.001 0.001 0.001 0.001 0.001 0.002 0.003 0.004 0.001
  0.003 0.001 0.003 0.002 0.002 0.002 0.001 0.002]
 [0.001 0.001 0.001 0.017 0.002 0.001 0.001 0.001 0.001 0.002 0.002 0.001
  0.002 0.001 0.002 0.005 0.001 0.001 0.001 0.002]
 [0.001 0.001 0.001 0.002 0.02  0.    0.001 0.001 0.001 0.001 0.002 0.
  0.001 0.001 0.002 0.003 0.001 0.002 0.001 0.002]
 [0.    0.    0.001 0.001 0.    0.018 0.    0.    0.001 0.    0.002 0.001
  0.001 0.001 0.    0.001 0.001 0.    0.001 0.   ]
 [0.002 0.001 0.001 0.001 0.001 0.    0.025 0.001 0.001 0.003 0.002 0.002
  0.001 0.001 0.003 0.003 0.002 0.001 0.001 0.002]
 [0.001 0.001 0.001 0.001 0.001 0.    0.001 0.024 0.    0.001 0.002 0.001
  0.001 0.    0.001 0.001 0.    0.001 0.001 0.001]
 [0.001 0.001 0.002 0.001 0.001 0.001 0.001 0.    0.02  0.001 0.002 0.
  0.001 0.    0.002 0.003 0.001 0.001 0.001 0.001]
 [0.001 0.001 0.003 0.002 0.001 0.    0.003 0.001 0.001 0.021 0.003 0.001
  0.002 0.001 0.003 0.005 0.001 0.001 0.002 0.002]
 [0.003 0.002 0.004 0.002 0.002 0.002 0.002 0.002 0.002 0.003 0.02  0.002
  0.002 0.003 0.003 0.005 0.002 0.002 0.002 0.001]
 [0.001 0.    0.001 0.001 0.    0.001 0.002 0.001 0.    0.001 0.002 0.019
  0.001 0.002 0.001 0.002 0.001 0.001 0.001 0.   ]
 [0.001 0.001 0.003 0.002 0.001 0.001 0.001 0.001 0.001 0.002 0.002 0.001
  0.019 0.001 0.002 0.003 0.002 0.003 0.001 0.003]
 [0.    0.    0.001 0.001 0.001 0.001 0.001 0.    0.    0.001 0.003 0.002
  0.001 0.023 0.002 0.006 0.001 0.001 0.001 0.   ]
 [0.002 0.002 0.003 0.002 0.002 0.    0.003 0.001 0.002 0.003 0.003 0.001
  0.002 0.002 0.028 0.005 0.001 0.001 0.001 0.004]
 [0.003 0.002 0.002 0.005 0.003 0.001 0.003 0.001 0.003 0.005 0.005 0.002
  0.003 0.006 0.005 0.034 0.002 0.004 0.004 0.003]
 [0.001 0.001 0.002 0.001 0.001 0.001 0.002 0.    0.001 0.001 0.002 0.001
  0.002 0.001 0.001 0.002 0.02  0.001 0.001 0.001]
 [0.002 0.001 0.002 0.001 0.002 0.    0.001 0.001 0.001 0.001 0.002 0.001
  0.003 0.001 0.001 0.004 0.001 0.024 0.001 0.003]
 [0.001 0.001 0.001 0.001 0.001 0.001 0.001 0.001 0.001 0.002 0.002 0.001
  0.001 0.001 0.001 0.004 0.001 0.001 0.019 0.001]
 [0.001 0.002 0.002 0.002 0.002 0.    0.002 0.001 0.001 0.002 0.001 0.
  0.003 0.    0.004 0.003 0.001 0.003 0.001 0.026]]
A0 after permutation
[[0.017 0.001 0.001 0.001 0.001 0.    0.002 0.001 0.001 0.001 0.003 0.001
  0.001 0.    0.002 0.003 0.001 0.002 0.001 0.001]
 [0.001 0.019 0.001 0.001 0.001 0.    0.001 0.001 0.001 0.001 0.002 0.
  0.001 0.    0.002 0.002 0.001 0.001 0.001 0.002]
 [0.001 0.001 0.023 0.001 0.001 0.001 0.001 0.001 0.002 0.003 0.004 0.001
  0.003 0.001 0.003 0.002 0.002 0.002 0.001 0.002]
 [0.001 0.001 0.001 0.017 0.002 0.001 0.001 0.001 0.001 0.002 0.002 0.001
  0.002 0.001 0.002 0.005 0.001 0.001 0.001 0.002]
 [0.001 0.001 0.001 0.002 0.02  0.    0.001 0.001 0.001 0.001 0.002 0.
  0.001 0.001 0.002 0.003 0.001 0.002 0.001 0.002]
 [0.    0.    0.001 0.001 0.    0.018 0.    0.    0.001 0.    0.002 0.001
  0.001 0.001 0.    0.001 0.001 0.    0.001 0.   ]
 [0.002 0.001 0.001 0.001 0.001 0.    0.025 0.001 0.001 0.003 0.002 0.002
  0.001 0.001 0.003 0.003 0.002 0.001 0.001 0.002]
 [0.001 0.001 0.001 0.001 0.001 0.    0.001 0.024 0.    0.001 0.002 0.001
  0.001 0.    0.001 0.001 0.    0.001 0.001 0.001]
 [0.001 0.001 0.002 0.001 0.001 0.001 0.001 0.    0.02  0.001 0.002 0.
  0.001 0.    0.002 0.003 0.001 0.001 0.001 0.001]
 [0.001 0.001 0.003 0.002 0.001 0.    0.003 0.001 0.001 0.021 0.003 0.001
  0.002 0.001 0.003 0.005 0.001 0.001 0.002 0.002]
 [0.003 0.002 0.004 0.002 0.002 0.002 0.002 0.002 0.002 0.003 0.02  0.002
  0.002 0.003 0.003 0.005 0.002 0.002 0.002 0.001]
 [0.001 0.    0.001 0.001 0.    0.001 0.002 0.001 0.    0.001 0.002 0.019
  0.001 0.002 0.001 0.002 0.001 0.001 0.001 0.   ]
 [0.001 0.001 0.003 0.002 0.001 0.001 0.001 0.001 0.001 0.002 0.002 0.001
  0.019 0.001 0.002 0.003 0.002 0.003 0.001 0.003]
 [0.    0.    0.001 0.001 0.001 0.001 0.001 0.    0.    0.001 0.003 0.002
  0.001 0.023 0.002 0.006 0.001 0.001 0.001 0.   ]
 [0.002 0.002 0.003 0.002 0.002 0.    0.003 0.001 0.002 0.003 0.003 0.001
  0.002 0.002 0.028 0.005 0.001 0.001 0.001 0.004]
 [0.003 0.002 0.002 0.005 0.003 0.001 0.003 0.001 0.003 0.005 0.005 0.002
  0.003 0.006 0.005 0.034 0.002 0.004 0.004 0.003]
 [0.001 0.001 0.002 0.001 0.001 0.001 0.002 0.    0.001 0.001 0.002 0.001
  0.002 0.001 0.001 0.002 0.02  0.001 0.001 0.001]
 [0.002 0.001 0.002 0.001 0.002 0.    0.001 0.001 0.001 0.001 0.002 0.001
  0.003 0.001 0.001 0.004 0.001 0.024 0.001 0.003]
 [0.001 0.001 0.001 0.001 0.001 0.001 0.001 0.001 0.001 0.002 0.002 0.001
  0.001 0.001 0.001 0.004 0.001 0.001 0.019 0.001]
 [0.001 0.002 0.002 0.002 0.002 0.    0.002 0.001 0.001 0.002 0.001 0.
  0.003 0.    0.004 0.003 0.001 0.003 0.001 0.026]]
